2023-04-13 12:03:52,549 - root - INFO - TerraVide lidar processing Initated
2023-04-13 12:03:52,653 - root - INFO - Extraction of Subtile Matrix Buffer Serial Time for = 0
2023-04-13 12:03:52,707 - root - INFO - Ground Point Extraction Algorithm Serial Time for Vistara = 0
2023-04-13 12:03:52,849 - root - INFO - MR Classification Algorithm initated for : Vistara
2023-04-13 12:03:53,000 - root - INFO - MR - T_ID : Vistara - ACTION: Trees Added to - S_ID : 0
2023-04-13 12:03:53,041 - root - INFO - MR - T_ID : Vistara - ACTION: Total Trees : 9
2023-04-13 12:03:52,549 - root - INFO - TerraVide lidar processing Initated
2023-04-13 12:03:52,653 - root - INFO - Extraction of Subtile Matrix Buffer Serial Time for = 0
2023-04-13 12:03:52,707 - root - INFO - Ground Point Extraction Algorithm Serial Time for Vistara = 0
2023-04-13 12:03:52,849 - root - INFO - MR Classification Algorithm initated for : Vistara
2023-04-13 12:03:53,000 - root - INFO - MR - T_ID : Vistara - ACTION: Trees Added to - S_ID : 0
2023-04-13 12:03:53,041 - root - INFO - MR - T_ID : Vistara - ACTION: Total Trees : 9
2023-04-13 12:03:52,549 - root - INFO - TerraVide lidar processing Initated
2023-04-13 12:03:52,653 - root - INFO - Extraction of Subtile Matrix Buffer Serial Time for = 0
2023-04-13 12:03:52,707 - root - INFO - Ground Point Extraction Algorithm Serial Time for Vistara = 0
2023-04-13 12:03:52,849 - root - INFO - MR Classification Algorithm initated for : Vistara
2023-04-13 12:03:53,000 - root - INFO - MR - T_ID : Vistara - ACTION: Trees Added to - S_ID : 0
2023-04-13 12:03:53,041 - root - INFO - MR - T_ID : Vistara - ACTION: Total Trees : 9
2023-04-13 12:03:52,549 - root - INFO - TerraVide lidar processing Initated
2023-04-13 12:03:52,653 - root - INFO - Extraction of Subtile Matrix Buffer Serial Time for = 0
2023-04-13 12:03:52,707 - root - INFO - Ground Point Extraction Algorithm Serial Time for Vistara = 0
2023-04-13 12:03:52,849 - root - INFO - MR Classification Algorithm initated for : Vistara
2023-04-13 12:03:53,000 - root - INFO - MR - T_ID : Vistara - ACTION: Trees Added to - S_ID : 0
2023-04-13 12:03:53,041 - root - INFO - MR - T_ID : Vistara - ACTION: Total Trees : 9
2023-04-13 12:03:52,549 - root - INFO - TerraVide lidar processing Initated
2023-04-13 12:03:52,653 - root - INFO - Extraction of Subtile Matrix Buffer Serial Time for = 0
2023-04-13 12:03:52,707 - root - INFO - Ground Point Extraction Algorithm Serial Time for Vistara = 0
2023-04-13 12:03:52,849 - root - INFO - MR Classification Algorithm initated for : Vistara
2023-04-13 12:03:53,000 - root - INFO - MR - T_ID : Vistara - ACTION: Trees Added to - S_ID : 0
2023-04-13 12:03:53,041 - root - INFO - MR - T_ID : Vistara - ACTION: Total Trees : 9
2023-04-13 12:03:52,549 - root - INFO - TerraVide lidar processing Initated
2023-04-13 12:03:52,653 - root - INFO - Extraction of Subtile Matrix Buffer Serial Time for = 0
2023-04-13 12:03:52,707 - root - INFO - Ground Point Extraction Algorithm Serial Time for Vistara = 0
2023-04-13 12:03:52,849 - root - INFO - MR Classification Algorithm initated for : Vistara
2023-04-13 12:03:53,000 - root - INFO - MR - T_ID : Vistara - ACTION: Trees Added to - S_ID : 0
2023-04-13 12:03:53,041 - root - INFO - MR - T_ID : Vistara - ACTION: Total Trees : 9
2023-04-13 12:03:52,549 - root - INFO - TerraVide lidar processing Initated
2023-04-13 12:03:52,653 - root - INFO - Extraction of Subtile Matrix Buffer Serial Time for = 0
2023-04-13 12:03:52,707 - root - INFO - Ground Point Extraction Algorithm Serial Time for Vistara = 0
2023-04-13 12:03:52,849 - root - INFO - MR Classification Algorithm initated for : Vistara
2023-04-13 12:03:53,000 - root - INFO - MR - T_ID : Vistara - ACTION: Trees Added to - S_ID : 0
2023-04-13 12:03:53,041 - root - INFO - MR - T_ID : Vistara - ACTION: Total Trees : 9
2023-04-13 12:03:52,549 - root - INFO - TerraVide lidar processing Initated
2023-04-13 12:03:52,653 - root - INFO - Extraction of Subtile Matrix Buffer Serial Time for = 0
2023-04-13 12:03:52,707 - root - INFO - Ground Point Extraction Algorithm Serial Time for Vistara = 0
2023-04-13 12:03:52,849 - root - INFO - MR Classification Algorithm initated for : Vistara
2023-04-13 12:03:53,000 - root - INFO - MR - T_ID : Vistara - ACTION: Trees Added to - S_ID : 0
2023-04-13 12:03:53,041 - root - INFO - MR - T_ID : Vistara - ACTION: Total Trees : 9
- Ground Point Extraction Algorithm Serial Time for Vistara = 0
2023-04-13 12:03:52,849 - root - INFO - MR Classification Algorithm initated for : Vistara
2023-04-13 12:03:53,000 - root - INFO - MR - T_ID : Vistara - ACTION: Trees Added to - S_ID : 0
2023-04-13 12:03:53,041 - root - INFO - MR - T_ID : Vistara - ACTION: Total Trees : 9
2023-04-13 12:03:52,549 - root - INFO - TerraVide lidar processing Initated
2023-04-13 12:03:52,653 - root - INFO - Extraction of Subtile Matrix Buffer Serial Time for = 0
2023-04-13 12:03:52,707 - root - INFO - Ground Point Extraction Algorithm Serial Time for Vistara = 0
2023-04-13 12:03:52,849 - root - INFO - MR Classification Algorithm initated for : Vistara
2023-04-13 12:03:53,000 - root - INFO - MR - T_ID : Vistara - ACTION: Trees Added to - S_ID : 0
2023-04-13 12:03:53,041 - root - INFO - MR - T_ID : Vistara - ACTION: Total Trees : 9
2023-04-13 12:03:52,549 - root - INFO - TerraVide lidar processing Initated
2023-04-13 12:03:52,653 - root - INFO - Extraction of Subtile Matrix Buffer Serial Time for = 0
2023-04-13 12:03:52,707 - root - INFO - Ground Point Extraction Algorithm Serial Time for Vistara = 0
2023-04-13 12:03:52,849 - root - INFO - MR Classification Algorithm initated for : Vistara
2023-04-13 12:03:53,000 - root - INFO - MR - T_ID : Vistara - ACTION: Trees Added to - S_ID : 0
2023-04-13 12:03:53,041 - root - INFO - MR - T_ID : Vistara - ACTION: Total Trees : 9
2023-04-13 12:03:52,549 - root - INFO - TerraVide lidar processing Initated
2023-04-13 12:03:52,653 - root - INFO - Extraction of Subtile Matrix Buffer Serial Time for = 0
2023-04-13 12:03:52,707 - root - INFO - Ground Point Extraction Algorithm Serial Time for Vistara = 0
2023-04-13 12:03:52,849 - root - INFO - MR Classification Algorithm initated for : Vistara
2023-04-13 12:03:53,000 - root - INFO - MR - T_ID : Vistara - ACTION: Trees Added to - S_ID : 0
2023-04-13 12:03:53,041 - root - INFO - MR - T_ID : Vistara - ACTION: Total Trees : 9
